<?xml version="1.0" encoding="UTF-8"?>
<testsuite xmlns:xsi="http://www.w3.org/2001/XMLSchema-instance" xsi:noNamespaceSchemaLocation="https://maven.apache.org/surefire/maven-surefire-plugin/xsd/surefire-test-report-3.0.xsd" version="3.0" name="com.duplicatedetector.similarity.SimilarityDetectorTest" time="0.128" tests="10" errors="0" skipped="0" failures="0">
  <properties>
[...]
</properties>
  <testcase name="testFindSimilarMethodsWithSingleMethod" classname="com.duplicatedetector.similarity.SimilarityDetectorTest" time="0.1">
    <system-out><![CDATA[13:56:16.920 [main] INFO  c.d.similarity.SimilarityDetector - Finding similar methods with threshold: 0.7
13:56:16.922 [main] INFO  c.d.similarity.SimilarityDetector - Analyzing 1 methods (filtered from 1 total)
13:56:16.922 [main] INFO  c.d.similarity.SimilarityDetector - Found 0 duplicate groups
]]></system-out>
  </testcase>
  <testcase name="testFindSimilarMethodsWithLowThreshold" classname="com.duplicatedetector.similarity.SimilarityDetectorTest" time="0.005">
    <system-out><![CDATA[13:56:16.925 [main] INFO  c.d.similarity.SimilarityDetector - Finding similar methods with threshold: 0.3
13:56:16.925 [main] INFO  c.d.similarity.SimilarityDetector - Analyzing 2 methods (filtered from 2 total)
13:56:16.927 [main] DEBUG c.d.similarity.SimilarityDetector - Found similar methods: method1 and method2 (similarity: 0.6778378378378378)
13:56:16.930 [main] INFO  c.d.similarity.SimilarityDetector - Created duplicate group with 2 methods (similarity: 0.6778378378378378)
13:56:16.930 [main] INFO  c.d.similarity.SimilarityDetector - Found 1 duplicate groups
]]></system-out>
  </testcase>
  <testcase name="testFindSimilarMethodsWithEmptyList" classname="com.duplicatedetector.similarity.SimilarityDetectorTest" time="0.001">
    <system-out><![CDATA[13:56:16.931 [main] INFO  c.d.similarity.SimilarityDetector - Finding similar methods with threshold: 0.7
13:56:16.932 [main] INFO  c.d.similarity.SimilarityDetector - Analyzing 0 methods (filtered from 0 total)
13:56:16.932 [main] INFO  c.d.similarity.SimilarityDetector - Found 0 duplicate groups
]]></system-out>
  </testcase>
  <testcase name="testFindSimilarMethodsWithHighThreshold" classname="com.duplicatedetector.similarity.SimilarityDetectorTest" time="0.002">
    <system-out><![CDATA[13:56:16.933 [main] INFO  c.d.similarity.SimilarityDetector - Finding similar methods with threshold: 0.95
13:56:16.933 [main] INFO  c.d.similarity.SimilarityDetector - Analyzing 2 methods (filtered from 2 total)
13:56:16.934 [main] INFO  c.d.similarity.SimilarityDetector - Found 0 duplicate groups
]]></system-out>
  </testcase>
  <testcase name="testFindSimilarMethodsWithExactDuplicates" classname="com.duplicatedetector.similarity.SimilarityDetectorTest" time="0.002">
    <system-out><![CDATA[13:56:16.934 [main] INFO  c.d.similarity.SimilarityDetector - Finding similar methods with threshold: 0.8
13:56:16.934 [main] INFO  c.d.similarity.SimilarityDetector - Analyzing 2 methods (filtered from 2 total)
13:56:16.935 [main] DEBUG c.d.similarity.SimilarityDetector - Found similar methods: method1 and method2 (similarity: 0.9400000000000001)
13:56:16.936 [main] INFO  c.d.similarity.SimilarityDetector - Created duplicate group with 2 methods (similarity: 0.9400000000000001)
13:56:16.936 [main] INFO  c.d.similarity.SimilarityDetector - Found 1 duplicate groups
]]></system-out>
  </testcase>
  <testcase name="testFindSimilarMethodsWithShortMethods" classname="com.duplicatedetector.similarity.SimilarityDetectorTest" time="0.001">
    <system-out><![CDATA[13:56:16.937 [main] INFO  c.d.similarity.SimilarityDetector - Finding similar methods with threshold: 0.7
13:56:16.937 [main] INFO  c.d.similarity.SimilarityDetector - Analyzing 0 methods (filtered from 2 total)
13:56:16.937 [main] INFO  c.d.similarity.SimilarityDetector - Found 0 duplicate groups
]]></system-out>
  </testcase>
  <testcase name="testFindSimilarMethodsWithSimilarLogic" classname="com.duplicatedetector.similarity.SimilarityDetectorTest" time="0.003">
    <system-out><![CDATA[13:56:16.938 [main] INFO  c.d.similarity.SimilarityDetector - Finding similar methods with threshold: 0.7
13:56:16.938 [main] INFO  c.d.similarity.SimilarityDetector - Analyzing 2 methods (filtered from 2 total)
13:56:16.938 [main] DEBUG c.d.similarity.SimilarityDetector - Found similar methods: method1 and method2 (similarity: 0.9351923076923078)
13:56:16.939 [main] INFO  c.d.similarity.SimilarityDetector - Created duplicate group with 2 methods (similarity: 0.9351923076923078)
13:56:16.939 [main] INFO  c.d.similarity.SimilarityDetector - Found 1 duplicate groups
]]></system-out>
  </testcase>
  <testcase name="testFindSimilarMethodsWithMultipleGroups" classname="com.duplicatedetector.similarity.SimilarityDetectorTest" time="0.003">
    <system-out><![CDATA[13:56:16.940 [main] INFO  c.d.similarity.SimilarityDetector - Finding similar methods with threshold: 0.7
13:56:16.940 [main] INFO  c.d.similarity.SimilarityDetector - Analyzing 4 methods (filtered from 4 total)
13:56:16.941 [main] DEBUG c.d.similarity.SimilarityDetector - Found similar methods: method1 and method2 (similarity: 0.9351923076923078)
13:56:16.942 [main] INFO  c.d.similarity.SimilarityDetector - Created duplicate group with 2 methods (similarity: 0.9351923076923078)
13:56:16.942 [main] DEBUG c.d.similarity.SimilarityDetector - Found similar methods: method3 and method4 (similarity: 0.8298550724637682)
13:56:16.942 [main] INFO  c.d.similarity.SimilarityDetector - Created duplicate group with 2 methods (similarity: 0.8298550724637682)
13:56:16.942 [main] INFO  c.d.similarity.SimilarityDetector - Found 2 duplicate groups
]]></system-out>
  </testcase>
  <testcase name="testFindSimilarMethodsWithDifferentLogic" classname="com.duplicatedetector.similarity.SimilarityDetectorTest" time="0.001">
    <system-out><![CDATA[13:56:16.943 [main] INFO  c.d.similarity.SimilarityDetector - Finding similar methods with threshold: 0.8
13:56:16.943 [main] INFO  c.d.similarity.SimilarityDetector - Analyzing 2 methods (filtered from 2 total)
13:56:16.944 [main] INFO  c.d.similarity.SimilarityDetector - Found 0 duplicate groups
]]></system-out>
  </testcase>
  <testcase name="testFindSimilarMethodsWithDefaultThreshold" classname="com.duplicatedetector.similarity.SimilarityDetectorTest" time="0.001">
    <system-out><![CDATA[13:56:16.944 [main] INFO  c.d.similarity.SimilarityDetector - Finding similar methods with threshold: 0.7
13:56:16.944 [main] INFO  c.d.similarity.SimilarityDetector - Analyzing 2 methods (filtered from 2 total)
13:56:16.945 [main] DEBUG c.d.similarity.SimilarityDetector - Found similar methods: method1 and method2 (similarity: 0.9351923076923078)
13:56:16.945 [main] INFO  c.d.similarity.SimilarityDetector - Created duplicate group with 2 methods (similarity: 0.9351923076923078)
13:56:16.945 [main] INFO  c.d.similarity.SimilarityDetector - Found 1 duplicate groups
]]></system-out>
  </testcase>
</testsuite>