<?xml version="1.0" encoding="UTF-8"?>
<testsuite xmlns:xsi="http://www.w3.org/2001/XMLSchema-instance" xsi:noNamespaceSchemaLocation="https://maven.apache.org/surefire/maven-surefire-plugin/xsd/surefire-test-report-3.0.xsd" version="3.0" name="com.duplicatedetector.scanner.ProjectScannerTest" time="0.016" tests="8" errors="0" skipped="0" failures="0">
  <properties>
[...]
</properties>
  <testcase name="testGetTotalLinesOfCodeWithEmptyList" classname="com.duplicatedetector.scanner.ProjectScannerTest" time="0"/>
  <testcase name="testScanProjectWithFileInsteadOfDirectory(Path)" classname="com.duplicatedetector.scanner.ProjectScannerTest" time="0.002"/>
  <testcase name="testGetTotalLinesOfCode(Path)" classname="com.duplicatedetector.scanner.ProjectScannerTest" time="0.002">
    <system-out><![CDATA[13:56:17.081 [main] DEBUG c.d.scanner.ProjectScanner - File /var/folders/10/m5m_cm591fldw6458plrhgw00000gp/T/junit18049698930442416994/TestClass1.java has 5 lines
13:56:17.081 [main] DEBUG c.d.scanner.ProjectScanner - File /var/folders/10/m5m_cm591fldw6458plrhgw00000gp/T/junit18049698930442416994/TestClass2.java has 5 lines
]]></system-out>
  </testcase>
  <testcase name="testScanProjectWithNoJavaFiles(Path)" classname="com.duplicatedetector.scanner.ProjectScannerTest" time="0.002">
    <system-out><![CDATA[13:56:17.083 [main] INFO  c.d.scanner.ProjectScanner - Scanning project directory: /var/folders/10/m5m_cm591fldw6458plrhgw00000gp/T/junit2894348148369280019
13:56:17.084 [main] INFO  c.d.scanner.ProjectScanner - Found 0 Java files in project
]]></system-out>
  </testcase>
  <testcase name="testScanProjectWithNestedDirectories(Path)" classname="com.duplicatedetector.scanner.ProjectScannerTest" time="0.004">
    <system-out><![CDATA[13:56:17.086 [main] INFO  c.d.scanner.ProjectScanner - Scanning project directory: /var/folders/10/m5m_cm591fldw6458plrhgw00000gp/T/junit18007363347972760629
13:56:17.086 [main] DEBUG c.d.scanner.ProjectScanner - Found Java file: /var/folders/10/m5m_cm591fldw6458plrhgw00000gp/T/junit18007363347972760629/src/main/java/TestClass1.java
13:56:17.086 [main] DEBUG c.d.scanner.ProjectScanner - Found Java file: /var/folders/10/m5m_cm591fldw6458plrhgw00000gp/T/junit18007363347972760629/src/main/java/com/test/TestClass2.java
13:56:17.086 [main] INFO  c.d.scanner.ProjectScanner - Found 2 Java files in project
]]></system-out>
  </testcase>
  <testcase name="testScanProjectWithNonExistentPath" classname="com.duplicatedetector.scanner.ProjectScannerTest" time="0.001"/>
  <testcase name="testScanProjectExcludesBuildDirectories(Path)" classname="com.duplicatedetector.scanner.ProjectScannerTest" time="0.002">
    <system-out><![CDATA[13:56:17.090 [main] INFO  c.d.scanner.ProjectScanner - Scanning project directory: /var/folders/10/m5m_cm591fldw6458plrhgw00000gp/T/junit17612104533658976158
13:56:17.090 [main] DEBUG c.d.scanner.ProjectScanner - Excluding directory: /var/folders/10/m5m_cm591fldw6458plrhgw00000gp/T/junit17612104533658976158/target
13:56:17.090 [main] DEBUG c.d.scanner.ProjectScanner - Excluding directory: /var/folders/10/m5m_cm591fldw6458plrhgw00000gp/T/junit17612104533658976158/build
13:56:17.090 [main] DEBUG c.d.scanner.ProjectScanner - Found Java file: /var/folders/10/m5m_cm591fldw6458plrhgw00000gp/T/junit17612104533658976158/src/TestClass.java
13:56:17.090 [main] INFO  c.d.scanner.ProjectScanner - Found 1 Java files in project
]]></system-out>
  </testcase>
  <testcase name="testScanProjectWithValidDirectory(Path)" classname="com.duplicatedetector.scanner.ProjectScannerTest" time="0.002">
    <system-out><![CDATA[13:56:17.092 [main] INFO  c.d.scanner.ProjectScanner - Scanning project directory: /var/folders/10/m5m_cm591fldw6458plrhgw00000gp/T/junit4056698243416654290
13:56:17.092 [main] DEBUG c.d.scanner.ProjectScanner - Found Java file: /var/folders/10/m5m_cm591fldw6458plrhgw00000gp/T/junit4056698243416654290/src/TestClass1.java
13:56:17.092 [main] DEBUG c.d.scanner.ProjectScanner - Found Java file: /var/folders/10/m5m_cm591fldw6458plrhgw00000gp/T/junit4056698243416654290/src/TestClass2.java
13:56:17.092 [main] INFO  c.d.scanner.ProjectScanner - Found 2 Java files in project
]]></system-out>
  </testcase>
</testsuite>